/home/mahmud/Projects/TalkFusion/main/views.py changed, reloading.
Watching for file changes with StatReloader
/home/mahmud/Projects/TalkFusion/main/views.py changed, reloading.
Watching for file changes with StatReloader
/home/mahmud/Projects/TalkFusion/main/views.py changed, reloading.
Watching for file changes with StatReloader
/home/mahmud/Projects/TalkFusion/main/views.py changed, reloading.
Watching for file changes with StatReloader
/home/mahmud/Projects/TalkFusion/main/views.py changed, reloading.
Watching for file changes with StatReloader
/home/mahmud/Projects/TalkFusion/main/webhook.py changed, reloading.
Watching for file changes with StatReloader
/home/mahmud/Projects/TalkFusion/main/webhook.py changed, reloading.
Watching for file changes with StatReloader
/home/mahmud/Projects/TalkFusion/main/webhook.py changed, reloading.
Watching for file changes with StatReloader
Watching for file changes with StatReloader
Received data: {
  "object": "page",
  "entry": [
    {
      "time": 1760824986001,
      "id": "881404995047804",
      "messaging": [
        {
          "sender": {
            "id": "24939509165711051"
          },
          "recipient": {
            "id": "881404995047804"
          },
          "timestamp": 1760824984416,
          "message": {
            "mid": "m_jVy19m2KHEmbGFBVREdehUHSWJi-UM-CuU841KbfEp-Vq415qJHWYxvOEyB30IGQcyvqGFEpHD64WMsPcRfcmg",
            "text": "dsfdsf"
          }
        }
      ]
    }
  ]
}
/home/mahmud/Projects/TalkFusion/main/urls.py changed, reloading.
Watching for file changes with StatReloader
/home/mahmud/Projects/TalkFusion/main/urls.py changed, reloading.
Watching for file changes with StatReloader
/home/mahmud/Projects/TalkFusion/main/urls.py changed, reloading.
Watching for file changes with StatReloader
/home/mahmud/Projects/TalkFusion/main/views.py changed, reloading.
Watching for file changes with StatReloader
/home/mahmud/Projects/TalkFusion/main/views.py changed, reloading.
Watching for file changes with StatReloader
/home/mahmud/Projects/TalkFusion/main/views.py changed, reloading.
Watching for file changes with StatReloader
/home/mahmud/Projects/TalkFusion/main/views.py changed, reloading.
Watching for file changes with StatReloader
/home/mahmud/Projects/TalkFusion/main/views.py changed, reloading.
Watching for file changes with StatReloader
/home/mahmud/Projects/TalkFusion/main/views.py changed, reloading.
Watching for file changes with StatReloader
/home/mahmud/Projects/TalkFusion/main/views.py changed, reloading.
Watching for file changes with StatReloader
/home/mahmud/Projects/TalkFusion/main/views.py changed, reloading.
Watching for file changes with StatReloader
/home/mahmud/Projects/TalkFusion/main/views.py changed, reloading.
Watching for file changes with StatReloader
/home/mahmud/Projects/TalkFusion/main/views.py changed, reloading.
Watching for file changes with StatReloader
/home/mahmud/Projects/TalkFusion/main/views.py changed, reloading.
Watching for file changes with StatReloader
/home/mahmud/Projects/TalkFusion/main/views.py changed, reloading.
Watching for file changes with StatReloader
Watching for file changes with StatReloader
Received data: {
  "object": "page",
  "entry": [
    {
      "time": 1760825742871,
      "id": "881404995047804",
      "messaging": [
        {
          "sender": {
            "id": "24939509165711051"
          },
          "recipient": {
            "id": "881404995047804"
          },
          "timestamp": 1760825742388,
          "message": {
            "mid": "m_he6FvGF2QQcYIs-PekQE0kHSWJi-UM-CuU841KbfEp_4nyQkJcVvS72ntS5-HFxrWgvwAxnneTUhu-XvVHyt6Q",
            "text": "scuhfgijasdf"
          }
        }
      ]
    }
  ]
}
